A51 MACRO ASSEMBLER  ESCALONAMENTO                                                        11/21/2024 01:33:45 PAGE     1


MACRO ASSEMBLER A51 V7.10
OBJECT MODULE PLACED IN escalonamento.OBJ
ASSEMBLER INVOKED BY: C:\Keil\C51\BIN\A51.EXE escalonamento.asm SET(SMALL) DEBUG EP

LOC  OBJ            LINE     SOURCE

                       1     ;UNDERTALE DA TURMINHA DO DIDI XD
                       2     ;escalonador
                       3     
                       4     extrn code(task1,task2)
                       5     public estado
                       6       
----                   7                 dseg at 8
0008                   8     estado: ds  1 
                       9             
----                  10                 cseg at 000bh   ;timer 0
                      11     
000B 758CB2           12                 mov  th0,#(256-78) 
000E E508             13                 mov  a, estado
0010 B40008           14                 cjne a,#0, salto1
0013 120000   F       15                 call task1
0016 120000   F       16                             call task2
0019 8033             17                 jmp  fim
                      18       
001B B40105           19     salto1:  cjne a,#1,salto2
001E 120000   F       20              call task1
0021 802B             21              jmp  fim
                      22                             
0023 B40208           23     salto2:  cjne a,#2,salto3
0026 120000   F       24              call task1
0029 120000   F       25                      call task2
002C 8020             26                  jmp  fim
                      27     
002E B40305           28     salto3:  cjne a,#3,salto4
0031 120000   F       29              call task1
                      30                      
0034 8018             31              jmp  fim
                      32     
0036 B40408           33     salto4:  cjne a,#4,salto5
0039 120000   F       34              call task1
003C 120000   F       35                      call task2
003F 800D             36              jmp  fim
                      37     
0041 B40508           38     salto5:  cjne a,#5,salto6
0044 120000   F       39              call task1
0047 750800           40              mov  estado,#0
004A 8004             41              jmp  fim2
                      42     
004C 0508             43     salto6: inc  estado
004E 8000             44     fim:    jmp  fim2 
0050 32               45     fim2:   reti
                      46     
                      47     end
A51 MACRO ASSEMBLER  ESCALONAMENTO                                                        11/21/2024 01:33:45 PAGE     2

SYMBOL TABLE LISTING
------ ----- -------


N A M E             T Y P E  V A L U E   ATTRIBUTES

ESTADO . . . . . .  D ADDR   0008H   A   
FIM. . . . . . . .  C ADDR   004EH   A   
FIM2 . . . . . . .  C ADDR   0050H   A   
SALTO1 . . . . . .  C ADDR   001BH   A   
SALTO2 . . . . . .  C ADDR   0023H   A   
SALTO3 . . . . . .  C ADDR   002EH   A   
SALTO4 . . . . . .  C ADDR   0036H   A   
SALTO5 . . . . . .  C ADDR   0041H   A   
SALTO6 . . . . . .  C ADDR   004CH   A   
TASK1. . . . . . .  C ADDR   -----       EXT
TASK2. . . . . . .  C ADDR   -----       EXT
TH0. . . . . . . .  D ADDR   008CH   A   


REGISTER BANK(S) USED: 0 


ASSEMBLY COMPLETE.  0 WARNING(S), 0 ERROR(S)
