A51 MACRO ASSEMBLER  ESCALONAMENTO                                                        10/23/2024 20:55:05 PAGE     1


MACRO ASSEMBLER A51 V8.2.7.0
OBJECT MODULE PLACED IN .\Objects\escalonamento.obj
ASSEMBLER INVOKED BY: C:\Keil_v5\C51\BIN\A51.EXE escalonamento.asm SET(SMALL) DEBUG PRINT(.\Listings\escalonamento.lst) 
                      OBJECT(.\Objects\escalonamento.obj) EP

LOC  OBJ            LINE     SOURCE

                       1     ;SOLOPLAY
                       2     ;escalonador
                       3     
                       4     extrn code(task1, task2, task3)
                       5     public estado
                       6       
----                   7                 dseg at 8
0008                   8     estado: ds  1 
                       9             
----                  10                 cseg at 000bh   ;timer 0
                      11     
                      12     
000B 758CB2           13                 mov  th0,#(256-78) 
000E E508             14                 mov  a, estado
0010 B4000B           15                 cjne a,#0, salto1
0013 120000   F       16                 call task1
0016 120000   F       17                 call task2
0019 120000   F       18                 call task3
001C 8036             19                 jmp  fim
                      20       
001E B40105           21     salto1:     cjne a,#1,salto2
0021 120000   F       22                 call task1
0024 802E             23                             jmp  fim
                      24                             
0026 B40208           25     salto2:         cjne a,#2,salto3
0029 120000   F       26                 call task1
002C 120000   F       27                             call task2
002F 8023             28                             jmp  fim
                      29     
0031 B40308           30     salto3:         cjne a,#3,salto4
0034 120000   F       31                 call task1
0037 120000   F       32                             call task3
003A 8018             33                             jmp  fim
                      34     
003C B40408           35     salto4:         cjne a,#4,salto5
003F 120000   F       36                 call task1
0042 120000   F       37                             call task2
0045 800D             38                             jmp  fim
                      39     
0047 B40508           40     salto5:     cjne a,#5,salto6
004A 120000   F       41                 call task1
004D 750800           42                             mov  estado,#0
0050 8004             43                             jmp  fim2
                      44     
0052 0508             45     salto6:     inc  estado
0054 8000             46     fim:        jmp  fim2
0056 32               47     fim2:       reti
                      48                 end
A51 MACRO ASSEMBLER  ESCALONAMENTO                                                        10/23/2024 20:55:05 PAGE     2

SYMBOL TABLE LISTING
------ ----- -------


N A M E             T Y P E  V A L U E   ATTRIBUTES

ESTADO . . . . . .  D ADDR   0008H   A   
FIM. . . . . . . .  C ADDR   0054H   A   
FIM2 . . . . . . .  C ADDR   0056H   A   
SALTO1 . . . . . .  C ADDR   001EH   A   
SALTO2 . . . . . .  C ADDR   0026H   A   
SALTO3 . . . . . .  C ADDR   0031H   A   
SALTO4 . . . . . .  C ADDR   003CH   A   
SALTO5 . . . . . .  C ADDR   0047H   A   
SALTO6 . . . . . .  C ADDR   0052H   A   
TASK1. . . . . . .  C ADDR   -----       EXT
TASK2. . . . . . .  C ADDR   -----       EXT
TASK3. . . . . . .  C ADDR   -----       EXT
TH0. . . . . . . .  D ADDR   008CH   A   


REGISTER BANK(S) USED: 0 


ASSEMBLY COMPLETE.  0 WARNING(S), 0 ERROR(S)
