C51 COMPILER V9.60.7.0   MAIN                                                              10/23/2024 20:55:05 PAGE 1   


C51 COMPILER V9.60.7.0, COMPILATION OF MODULE MAIN
OBJECT MODULE PLACED IN .\Objects\main.obj
COMPILER INVOKED BY: C:\Keil_v5\C51\BIN\C51.EXE main.c OPTIMIZE(8,SPEED) BROWSE DEBUG OBJECTEXTEND PRINT(.\Listings\main
                    -.lst) TABS(2) OBJECT(.\Objects\main.obj)

line level    source

   1           /*SOLOPLAY*/
   2           /*Rudah Santos /  3201*/
   3          #include <reg52.h>
   4          extern char estado;
   5          
   6           void main(void){
   7   1         TMOD = 0x01;
   8   1         TH0=(256-78);
   9   1         IE = 0x82;
  10   1         TR0 = 1;
  11   1         estado = 0;
  12   1         while(1);
  13   1       }


MODULE INFORMATION:   STATIC OVERLAYABLE
   CODE SIZE        =     16    ----
   CONSTANT SIZE    =   ----    ----
   XDATA SIZE       =   ----    ----
   PDATA SIZE       =   ----    ----
   DATA SIZE        =   ----    ----
   IDATA SIZE       =   ----    ----
   BIT SIZE         =   ----    ----
END OF MODULE INFORMATION.


C51 COMPILATION COMPLETE.  0 WARNING(S),  0 ERROR(S)
